Removed Pin From Net: NetName=NetC1_2 Pin=J3-1
Removed Pin From Net: NetName=NetD2_2 Pin=J3-2
Removed Pin From Net: NetName=NetD1_1 Pin=J4-1
Removed Pin From Net: NetName=GND Pin=J4-2
Removed Pin From Net: NetName=NetC3_2 Pin=J5-1
Removed Pin From Net: NetName=NetD4_2 Pin=J5-2
Removed Pin From Net: NetName=NetD1_1 Pin=J7-1
Removed Pin From Net: NetName=GND Pin=J7-2
Removed Pin From Net: NetName=NetC5_2 Pin=J8-1
Removed Pin From Net: NetName=NetD6_2 Pin=J8-2
Removed Member From Class: ClassName=Single_Stage Member=J7
Removed Member From Class: ClassName=Single_Stage Member=J8
Change Component Footprint: Designator=J3 Old Footprint=CONN_B2PS-VH_JST New Footprint=FP-B02P-VL_LF_SN-MFG
Change Component Footprint: Designator=J4 Old Footprint=CONN_B2PS-VH_JST New Footprint=FP-B02P-VL_LF_SN-MFG
Change Component Footprint: Designator=J5 Old Footprint=CONN_B2PS-VH_JST New Footprint=FP-B02P-VL_LF_SN-MFG
Change Component Footprint: Designator=R1 Old Footprint=RES_AC05_VIS New Footprint=RES_AC05_VIS
Change Component Comment : Designator=J3 Old Comment=Snubber New Comment=B02P-VL (LF)(SN)
Change Component Comment : Designator=J4 Old Comment=Snubber New Comment=B02P-VL (LF)(SN)
Change Component Comment : Designator=J5 Old Comment=Snubber New Comment=B02P-VL (LF)(SN)
Change Managed Component Library Link : Designator=J3 Old VaultGUID= New VaultGUID=B7D15EC3-160A-466F-A46C-7801FE6295A7 Old ItemGUID= New ItemGUID=58FAC221-91B8-4A04-A475-2CDE528764DE Old RevisionGUID= New RevisionGUID=5C7F7EFA-E7E3-47D8-91A0-290E00D44697
Change Managed Component Library Link : Designator=J4 Old VaultGUID= New VaultGUID=B7D15EC3-160A-466F-A46C-7801FE6295A7 Old ItemGUID= New ItemGUID=58FAC221-91B8-4A04-A475-2CDE528764DE Old RevisionGUID= New RevisionGUID=5C7F7EFA-E7E3-47D8-91A0-290E00D44697
Change Managed Component Library Link : Designator=J5 Old VaultGUID= New VaultGUID=B7D15EC3-160A-466F-A46C-7801FE6295A7 Old ItemGUID= New ItemGUID=58FAC221-91B8-4A04-A475-2CDE528764DE Old RevisionGUID= New RevisionGUID=5C7F7EFA-E7E3-47D8-91A0-290E00D44697
Change component parameters: Designator = "J3" ("J3"); Footprint = "CONN_B2PS-VH_JST"; UniqueID = "\MICIZPVG" ("\MICIZPVG")
Change component parameters (AddParameter): Name = "Contact Material"; Value = "Copper Alloy"; VariantName = "[No Variations]"
Change component parameters (AddParameter): Name = "Current Rating"; Value = "20A"; VariantName = "[No Variations]"
Change component parameters (AddParameter): Name = "Number of Contacts"; Value = "2"; VariantName = "[No Variations]"
Change component parameters (AddParameter): Name = "Number of Rows"; Value = "1"; VariantName = "[No Variations]"
Change component parameters (AddParameter): Name = "Orientation"; Value = "Straight"; VariantName = "[No Variations]"
Change component parameters (AddParameter): Name = "Pitch"; Value = "6.2mm"; VariantName = "[No Variations]"
Change component parameters (AddParameter): Name = "Series"; Value = "VL"; VariantName = "[No Variations]"
Change component parameters (AddParameter): Name = "Termination"; Value = "Through Hole"; VariantName = "[No Variations]"
Change component parameters (AddParameter): Name = "Voltage Rating"; Value = "600V"; VariantName = "[No Variations]"
Change component parameters: Designator = "J4" ("J4"); Footprint = "CONN_B2PS-VH_JST"; UniqueID = "\IHAZNLJZ" ("\IHAZNLJZ")
Change component parameters (AddParameter): Name = "Contact Material"; Value = "Copper Alloy"; VariantName = "[No Variations]"
Change component parameters (AddParameter): Name = "Current Rating"; Value = "20A"; VariantName = "[No Variations]"
Change component parameters (AddParameter): Name = "Number of Contacts"; Value = "2"; VariantName = "[No Variations]"
Change component parameters (AddParameter): Name = "Number of Rows"; Value = "1"; VariantName = "[No Variations]"
Change component parameters (AddParameter): Name = "Orientation"; Value = "Straight"; VariantName = "[No Variations]"
Change component parameters (AddParameter): Name = "Pitch"; Value = "6.2mm"; VariantName = "[No Variations]"
Change component parameters (AddParameter): Name = "Series"; Value = "VL"; VariantName = "[No Variations]"
Change component parameters (AddParameter): Name = "Termination"; Value = "Through Hole"; VariantName = "[No Variations]"
Change component parameters (AddParameter): Name = "Voltage Rating"; Value = "600V"; VariantName = "[No Variations]"
Change component parameters: Designator = "J5" ("J5"); Footprint = "CONN_B2PS-VH_JST"; UniqueID = "\VMNQPCBS" ("\VMNQPCBS")
Change component parameters (AddParameter): Name = "Contact Material"; Value = "Copper Alloy"; VariantName = "[No Variations]"
Change component parameters (AddParameter): Name = "Current Rating"; Value = "20A"; VariantName = "[No Variations]"
Change component parameters (AddParameter): Name = "Number of Contacts"; Value = "2"; VariantName = "[No Variations]"
Change component parameters (AddParameter): Name = "Number of Rows"; Value = "1"; VariantName = "[No Variations]"
Change component parameters (AddParameter): Name = "Orientation"; Value = "Straight"; VariantName = "[No Variations]"
Change component parameters (AddParameter): Name = "Pitch"; Value = "6.2mm"; VariantName = "[No Variations]"
Change component parameters (AddParameter): Name = "Series"; Value = "VL"; VariantName = "[No Variations]"
Change component parameters (AddParameter): Name = "Termination"; Value = "Through Hole"; VariantName = "[No Variations]"
Change component parameters (AddParameter): Name = "Voltage Rating"; Value = "600V"; VariantName = "[No Variations]"
Add Pin To Net: Unknown Pin: Pin C1-1
Add Pin To Net: Unknown Pin: Pin C1-2
Add Pin To Net: Unknown Pin: Pin C3-1
Add Pin To Net: Unknown Pin: Pin C3-2
Add Pin To Net: Unknown Pin: Pin C5-1
Add Pin To Net: Unknown Pin: Pin C5-2
Added Pin To Net: NetName=NetD2_2 Pin=J3-1
Added Pin To Net: NetName=NetC1_2 Pin=J3-2
Added Pin To Net: NetName=NetC3_2 Pin=J4-1
Added Pin To Net: NetName=NetD4_2 Pin=J4-2
Added Pin To Net: NetName=NetD6_2 Pin=J5-1
Added Pin To Net: NetName=NetC5_2 Pin=J5-2
Add Class Member: Failed to add class member : Component C1 asas
Add Class Member: Failed to add class member : Component C3 asas
Add Class Member: Failed to add class member : Component C5 asas
