Change Component Footprint: Designator=J2 Old Footprint=FP-B2B-XH-A_LF_SN-MFG New Footprint=FP-D_S2B-EH_LF_SN-MFG
Change Component Footprint: Designator=J4 Old Footprint=FP-B2B-XH-A_LF_SN-MFG New Footprint=FP-D_S2B-EH_LF_SN-MFG
Change Component Comment : Designator=J2 Old Comment=B2B-XH-A(LF)(SN) New Comment=(D)S2B-EH (LF)(SN)
Change Component Comment : Designator=J4 Old Comment=B2B-XH-A(LF)(SN) New Comment=(D)S2B-EH (LF)(SN)
Change Managed Component Library Link : Designator=J2 Old VaultGUID=B7D15EC3-160A-466F-A46C-7801FE6295A7 New VaultGUID=B7D15EC3-160A-466F-A46C-7801FE6295A7 Old ItemGUID=13A198B7-2160-45D9-BA10-5BBC61E7EA9A New ItemGUID=0A7B3C23-9A54-4818-89EC-A2F7ED3045A0 Old RevisionGUID=5C98CD09-B4EE-476D-9D67-677D59556FE5 New RevisionGUID=4E45CE54-3BA0-4A9F-882D-59887193EE9E
Change Managed Component Library Link : Designator=J4 Old VaultGUID=B7D15EC3-160A-466F-A46C-7801FE6295A7 New VaultGUID=B7D15EC3-160A-466F-A46C-7801FE6295A7 Old ItemGUID=13A198B7-2160-45D9-BA10-5BBC61E7EA9A New ItemGUID=0A7B3C23-9A54-4818-89EC-A2F7ED3045A0 Old RevisionGUID=5C98CD09-B4EE-476D-9D67-677D59556FE5 New RevisionGUID=4E45CE54-3BA0-4A9F-882D-59887193EE9E
Change component parameters: Designator = "J2" ("J2"); Footprint = "FP-B2B-XH-A_LF_SN-MFG"; UniqueID = "\IKUGNIRC" ("\IKUGNIRC")
Change component parameters: Designator = "J4" ("J4"); Footprint = "FP-B2B-XH-A_LF_SN-MFG"; UniqueID = "\VXWOYPEC" ("\VXWOYPEC")
Add Pin To Net: Unknown Pin: Pin C1-1
Add Pin To Net: Unknown Pin: Pin C1-2
Added Pin To Net: NetName=GND Pin=J2-1
Added Pin To Net: NetName=400VDC Pin=J2-2
Added Pin To Net: NetName=Sig1 Pin=J4-1
Added Pin To Net: NetName=GND Pin=J4-2
Add Class Member: Failed to add class member : Component C1 asas
Added Member To Class: ClassName=Single_Stage Member=Component D1 MURHD560T4G
Added Member To Class: ClassName=Single_Stage Member=Component D2 GI756-E3/54
Added Member To Class: ClassName=Single_Stage Member=Component DS1 Coil 3
Added Member To Class: ClassName=Single_Stage Member=Component DS4 Coil 3
Added Member To Class: ClassName=Single_Stage Member=Component J1 B2P-VH-FB-B(LF)(SN)
Added Member To Class: ClassName=Single_Stage Member=Component J2 (D)S2B-EH (LF)(SN)
Added Member To Class: ClassName=Single_Stage Member=Component J3 B2P-VH-FB-B(LF)(SN)
Added Member To Class: ClassName=Single_Stage Member=Component J4 (D)S2B-EH (LF)(SN)
Added Member To Class: ClassName=Single_Stage Member=Component Q1 SGW30N60HS
Added Member To Class: ClassName=Single_Stage Member=Component R2 10
Added Member To Class: ClassName=Single_Stage Member=Component R3 400
Added Member To Class: ClassName=Single_Stage Member=Component R4 10k
Added Member To Class: ClassName=Single_Stage Member=Component R10 400
