Change Component Footprint: Designator=J1 Old Footprint=CONN_B2PS-VH_JST New Footprint=FP-B2P-VH-FB-B_LF_SN-MFG
Change Component Footprint: Designator=J4 Old Footprint=CONN_B2PS-VH_JST New Footprint=FP-B2P-VH-FB-B_LF_SN-MFG
Change Component Footprint: Designator=J7 Old Footprint=CONN_B2PS-VH_JST New Footprint=FP-B2P-VH-FB-B_LF_SN-MFG
Change Component Comment : Designator=J1 Old Comment=Snubber New Comment=B2P-VH-FB-B(LF)(SN)
Change Component Comment : Designator=J4 Old Comment=Snubber New Comment=B2P-VH-FB-B(LF)(SN)
Change Component Comment : Designator=J7 Old Comment=Snubber New Comment=B2P-VH-FB-B(LF)(SN)
Change Managed Component Library Link : Designator=J1 Old VaultGUID= New VaultGUID=B7D15EC3-160A-466F-A46C-7801FE6295A7 Old ItemGUID= New ItemGUID=292E7AF8-1762-4723-B980-D3BE97E63193 Old RevisionGUID= New RevisionGUID=2756B31C-38ED-49A3-AF4C-4328C2B2A100
Change Managed Component Library Link : Designator=J4 Old VaultGUID= New VaultGUID=B7D15EC3-160A-466F-A46C-7801FE6295A7 Old ItemGUID= New ItemGUID=292E7AF8-1762-4723-B980-D3BE97E63193 Old RevisionGUID= New RevisionGUID=2756B31C-38ED-49A3-AF4C-4328C2B2A100
Change Managed Component Library Link : Designator=J7 Old VaultGUID= New VaultGUID=B7D15EC3-160A-466F-A46C-7801FE6295A7 Old ItemGUID= New ItemGUID=292E7AF8-1762-4723-B980-D3BE97E63193 Old RevisionGUID= New RevisionGUID=2756B31C-38ED-49A3-AF4C-4328C2B2A100
Change component parameters: Designator = "J1" ("J1"); Footprint = "CONN_B2PS-VH_JST"; UniqueID = "\RHCNDKLU" ("\RHCNDKLU")
Change component parameters (AddParameter): Name = "Color"; Value = "Natural"; VariantName = "[No Variations]"
Change component parameters (AddParameter): Name = "Connector Type"; Value = "Male Pin"; VariantName = "[No Variations]"
Change component parameters (AddParameter): Name = "Contact Plating"; Value = "Tin"; VariantName = "[No Variations]"
Change component parameters (AddParameter): Name = "Contact Type"; Value = "Male Pin"; VariantName = "[No Variations]"
Change component parameters (AddParameter): Name = "Fastening Type"; Value = "Ramp"; VariantName = "[No Variations]"
Change component parameters (AddParameter): Name = "Lead Free"; Value = "Lead Free"; VariantName = "[No Variations]"
Change component parameters (AddParameter): Name = "Mount"; Value = "Through Hole"; VariantName = "[No Variations]"
Change component parameters (AddParameter): Name = "Number of Positions"; Value = "2"; VariantName = "[No Variations]"
Change component parameters (AddParameter): Name = "Number of Rows"; Value = "1"; VariantName = "[No Variations]"
Change component parameters (AddParameter): Name = "Package Quantity"; Value = "250"; VariantName = "[No Variations]"
Change component parameters (AddParameter): Name = "Packaging"; Value = "Bulk"; VariantName = "[No Variations]"
Change component parameters (AddParameter): Name = "Pitch"; Value = "0.156inch"; VariantName = "[No Variations]"
Change component parameters (AddParameter): Name = "Series"; Value = "VH"; VariantName = "[No Variations]"
Change component parameters (AddParameter): Name = "Termination"; Value = "Solder"; VariantName = "[No Variations]"
Change component parameters: Designator = "J4" ("J4"); Footprint = "CONN_B2PS-VH_JST"; UniqueID = "\BBRPXELX" ("\BBRPXELX")
Change component parameters (AddParameter): Name = "Color"; Value = "Natural"; VariantName = "[No Variations]"
Change component parameters (AddParameter): Name = "Connector Type"; Value = "Male Pin"; VariantName = "[No Variations]"
Change component parameters (AddParameter): Name = "Contact Plating"; Value = "Tin"; VariantName = "[No Variations]"
Change component parameters (AddParameter): Name = "Contact Type"; Value = "Male Pin"; VariantName = "[No Variations]"
Change component parameters (AddParameter): Name = "Fastening Type"; Value = "Ramp"; VariantName = "[No Variations]"
Change component parameters (AddParameter): Name = "Lead Free"; Value = "Lead Free"; VariantName = "[No Variations]"
Change component parameters (AddParameter): Name = "Mount"; Value = "Through Hole"; VariantName = "[No Variations]"
Change component parameters (AddParameter): Name = "Number of Positions"; Value = "2"; VariantName = "[No Variations]"
Change component parameters (AddParameter): Name = "Number of Rows"; Value = "1"; VariantName = "[No Variations]"
Change component parameters (AddParameter): Name = "Package Quantity"; Value = "250"; VariantName = "[No Variations]"
Change component parameters (AddParameter): Name = "Packaging"; Value = "Bulk"; VariantName = "[No Variations]"
Change component parameters (AddParameter): Name = "Pitch"; Value = "0.156inch"; VariantName = "[No Variations]"
Change component parameters (AddParameter): Name = "Series"; Value = "VH"; VariantName = "[No Variations]"
Change component parameters (AddParameter): Name = "Termination"; Value = "Solder"; VariantName = "[No Variations]"
Change component parameters: Designator = "J7" ("J7"); Footprint = "CONN_B2PS-VH_JST"; UniqueID = "\MGUTRNTF" ("\MGUTRNTF")
Change component parameters (AddParameter): Name = "Color"; Value = "Natural"; VariantName = "[No Variations]"
Change component parameters (AddParameter): Name = "Connector Type"; Value = "Male Pin"; VariantName = "[No Variations]"
Change component parameters (AddParameter): Name = "Contact Plating"; Value = "Tin"; VariantName = "[No Variations]"
Change component parameters (AddParameter): Name = "Contact Type"; Value = "Male Pin"; VariantName = "[No Variations]"
Change component parameters (AddParameter): Name = "Fastening Type"; Value = "Ramp"; VariantName = "[No Variations]"
Change component parameters (AddParameter): Name = "Lead Free"; Value = "Lead Free"; VariantName = "[No Variations]"
Change component parameters (AddParameter): Name = "Mount"; Value = "Through Hole"; VariantName = "[No Variations]"
Change component parameters (AddParameter): Name = "Number of Positions"; Value = "2"; VariantName = "[No Variations]"
Change component parameters (AddParameter): Name = "Number of Rows"; Value = "1"; VariantName = "[No Variations]"
Change component parameters (AddParameter): Name = "Package Quantity"; Value = "250"; VariantName = "[No Variations]"
Change component parameters (AddParameter): Name = "Packaging"; Value = "Bulk"; VariantName = "[No Variations]"
Change component parameters (AddParameter): Name = "Pitch"; Value = "0.156inch"; VariantName = "[No Variations]"
Change component parameters (AddParameter): Name = "Series"; Value = "VH"; VariantName = "[No Variations]"
Change component parameters (AddParameter): Name = "Termination"; Value = "Solder"; VariantName = "[No Variations]"
Add Pin To Net: Unknown Pin: Pin C1-1
Add Pin To Net: Unknown Pin: Pin C1-2
Add Pin To Net: Unknown Pin: Pin C2-1
Add Pin To Net: Unknown Pin: Pin C2-2
Add Pin To Net: Unknown Pin: Pin C3-1
Add Pin To Net: Unknown Pin: Pin C3-2
Add Class Member: Failed to add class member : Component C1 asas
Add Class Member: Failed to add class member : Component C2 asas
Add Class Member: Failed to add class member : Component C3 asas
