Removed Member From Class: ClassName=ZVS Member=U3
Added Component: Designator=C1(PCBComponent_1)
Added Component: Designator=C2(PCBComponent_1)
Add Pin To Net: Unknown Pin: Pin L1-2
Add Pin To Net: Unknown Pin: Pin L2-1
Added Pin To Net: NetName=NetC1_1 Pin=C1-1
Added Pin To Net: NetName=NetC1_1 Pin=C2-1
Added Pin To Net: NetName=NetC1_1 Pin=D1-3
Added Pin To Net: NetName=NetC1_1 Pin=Q2-5-6-7-8
Added Net: Name=NetC1_1
Added Pin To Net: NetName=NetC1_2 Pin=C1-2
Added Pin To Net: NetName=NetC1_2 Pin=C2-2
Added Pin To Net: NetName=NetC1_2 Pin=D2-3
Added Pin To Net: NetName=NetC1_2 Pin=Q1-1-2-3
Added Net: Name=NetC1_2
Added Member To Class: ClassName=ZVS Member=Component C1 ZVS_Cap
Added Member To Class: ClassName=ZVS Member=Component C2 ZVS_Cap
Add Class Member: Failed to add class member : Component L1 Inductor
Add Class Member: Failed to add class member : Component L2 Inductor
Add Class Member: Failed to add class member : Component L3 Inductor
